WINDOWS SECURITY MODS
https://github.com/jbara2002/windows-defender-remover/archive/refs/heads/main.zip

LTSC ENABLE WSL TOOLS 




///////////////////////////////////////////////////////////////////
GENERATORS

GOOGLE LOGIN META
ETRANSFER GENERATOR
CREDIT CARD GENERATOR


																											

SOCIAL MEDIA
----------------------------------------------------------------/
FACEBOOK HTTPS://FACEBOOK.COM
MBASIC   HTTPS://MBASIC.FACEBOOK.COM 
OTP CODE HTTPS://2FA.LIVE

/////////////////////////////////////////////////////////////////
BANKS
---------------------------------------------------------------.
INTERAC HAS BEEN DEPOSITED
INTERAC HAS BEEN CANCELED
INTERAC ERROR 1
INTERAC ERROR 2
INTERAC [SARA]
INTERAC GENERATOR
EMAIL LINK SWAPPER    https://qr-code-generator.com
EMAIL SENDING CLIENT  https://www.emclient.com/dist/latest/setup.msi
---------------------------------------------------------------------
ATB BANK 

ATB SELECT            https://www.atb.com/sign-in/
ATB PERSONAL          https://personal.atb.com/?_ga=2.164533815.941062565.1677837878-1406173069.1677837878&_gl=1*i2nl7w*_ga*MTQwNjE3MzA2OS4xNjc3ODM3ODc4*_ga_79ZVTKT225*MTY3NzgzNzg3OC4xLjEuMTY3NzgzNzg4NC41NC4wLjA.
ATB BUISNESS          https://business.atb.com/?_gl=1*129k6o2*_ga*MTQwNjE3MzA2OS4xNjc3ODM3ODc4*_ga_79ZVTKT225*MTY3NzgzNzg3OC4xLjEuMTY3NzgzNzkwMy4zNS4wLjA.&_ga=2.122720771.941062565.1677837878-1406173069.1677837878
ATB BANK [SARA]       /220098/atb/040147.php
----------------------------------------------------------------------
BMO BANK
-
BMO BANK SIGN IN      https://www1.bmo.com/banking/digital/login?lang=en
BMO BANK [SARA]       /220098/bmo/040147.php

--------------------------------------------------------------------------
CIBC

CIBC BANK SIGN IN      https://www1.bmo.com/banking/digital/login?lang=en
CIBC BANK [SARA]       /220098/cibc/040147.php

----------------------------------------------------------------------------
RBC BANK

ROYAL BANK SIGN IN    https://secure.royalbank.com/signin.html?_ga=2.207867474.152514112.1677837565-1105526538.1677837565&_gl=1*h7pog*_ga*MTEwNTUyNjUzOC4xNjc3ODM3NTY1*_ga_89NPCTDXQR*MTY3NzgzNzU2NS4xLjEuMTY3NzgzNzYwMS4yNC4wLjA.
ROYAL BANK [SARA]     /220098/rbc/040147.php
-----------------------------------------------------------------------------
TD BANK

TD BANK SIGN IN       https://authentication.td.com/uap-ui/?consumer=easyweb&locale=en_CA#/uap/login
TD BANK [SARA]        /220098/td/040147.php


SCOTIA BANK
-------------------------------------------------------------------------------
SCOTIA SIGN IN        https://www.scotiaonline.scotiabank.com/
SCOTIA BANK [SARA]   /220098/scotia/040147.php

LINUX TOOLS
----------------------------------------
ACTIVATION CODE - JULY 21 2023 - EFA5QJUW2C2STMJRWV4RUDB
"expressvpn installer linux dist" ="https://www.expressvpn.works/clients/linux/expressvpn_3.44.0.0-1_amd64.deb

ANDROID TOOLS
-----------------------------------------

IPHONE TOOLS
-----------------------------------------

WINDOWS TOOLS
-----------------------------------------
VPN / PROXY
////////////////////////////////////
ACTIVATION CODE - JULY 21 2023 - EFA5QJUW2C2STMJRWV4RUDB
"expressvpn" ="https://www.expressvpn.works/clients/windows/expressvpn_windows_12.44.0.72_release.exe

WINDOWS INSTALLER SCRIPTS
///////////////////////////////////
"Re-install ms store ltsc"        https://github.com/ishad0w/microsoft-windows-10-ltsc-2021-microsoft-store/releases/download/2022-04-01/Install_Microsoft_Libs_and_Store.zip
"QB-TORRENT"                         https://www.fosshub.com/qBittorrent.html?dwl=qbittorrent_4.5.2_x64_setup.exe
"MAILIFY UNLCOKED"
"X-SLAYER.FUN 
"CALIANO AIO

EMAIL CLIENT 
///////////////////////////////////////////
https://www.emclient.com/dist/latest/setup.msi

DARK WEB
https://www.torproject.org/dist/torbrowser/12.0.3/torbrowser-install-win64-12.0.3_ALL.exe

SARA'S SOURCES
----------------------------------
"FROST TOOLS / FORUMS" ="FSSQUAD
"TORRENTS 1            ="1337X.TO
"TORRENTS 2[BETTER]    ="FTUAPPS.COM

TORRENT DOWNLOAD LINKS [ WINDOWS ONLY ]

Burp-Suite-Professional-Edition-v2.0  https://ftuapps.dev/wp-content/uploads/2020/02/FTUApps.com-Burp-Suite-Professional-Edition-v2.0.11-Full-All-Addons-Keygen.torrent
Easy-CSS-Menu-v5                      https://ftuapps.dev/wp-content/uploads/2019/12/FTUApps.com-Blumentals-Easy-CSS-Menu-v5.3.0.37-Multilingual-Keygen.torrent
Rapid-PHP-2020                        https://ftuapps.dev/wp-content/uploads/2020/01/FTUApps.com-Blumentals-Rapid-PHP-2020-v16.0.0.225-Multilingual-Keygen.torrent
HTTP-Debugger-Pro-v9.9                https://ftuapps.dev/wp-content/uploads/2020/01/FTUApps.com-HTTP-Debugger-Pro-v9.9-Patcher.torrent
esponsive-Foundation-Framer-v2.5      https://ftuapps.dev/wp-content/uploads/2023/02/FTUApps.com-CoffeeCup-Responsive-Foundation-Framer-v2.5.540-Pre-Activated.torrenthttps://ftuapps.dev/wp-content/uploads/2023/02/FTUApps.com-CoffeeCup-Responsive-Foundation-Framer-v2.5.540-Pre-Activated.torrenthttps://ftuapps.dev/wp-content/uploads/2023/02/FTUApps.com-CoffeeCup-https://ftuapps.dev/wp-content/uploads/2023/02/FTUApps.com-CoffeeCup-Responsive-Foundation-Framer-v2.5.540-Pre-Activated.torrent.540-Pre-Activated.torrent
Web-Form-Builder-v2.9-Build-5557      https://ftuapps.dev/wp-content/uploads/2020/03/FTUApps.com-CoffeeCup-Web-Form-Builder-v2.9-Build-5557-Crack.torrent
Starus-Web-Detective-v3.5             https://ftuapps.dev/wp-content/uploads/2023/02/FTUApps.com-Starus-Web-Detective-v3.5-Multilingual-Portable.torrent